2020-02-18 13:56:24,603 INFO org.springframework.boot.StartupInfoLogger [restartedMain] Starting SpringMvcMiniProjDataJpaApplication on LAPTOP-GSBGC420 with PID 1568 (D:\Workspace\Project\SpringMVC-MiniProj-DataJPA\target\classes started by hp in D:\Workspace\Project\SpringMVC-MiniProj-DataJPA)
2020-02-18 13:56:24,603 INFO org.springframework.boot.SpringApplication [restartedMain] No active profile set, falling back to default profiles: default
2020-02-18 13:56:24,634 INFO org.springframework.boot.logging.DeferredLog [restartedMain] The Class-Path manifest attribute in C:\Users\hp\.m2\repository\org\glassfish\jaxb\jaxb-runtime\2.3.2\jaxb-runtime-2.3.2.jar referenced one or more files that do not exist: file:/C:/Users/hp/.m2/repository/org/glassfish/jaxb/jaxb-runtime/2.3.2/jakarta.xml.bind-api-2.3.2.jar,file:/C:/Users/hp/.m2/repository/org/glassfish/jaxb/jaxb-runtime/2.3.2/txw2-2.3.2.jar,file:/C:/Users/hp/.m2/repository/org/glassfish/jaxb/jaxb-runtime/2.3.2/istack-commons-runtime-3.0.8.jar,file:/C:/Users/hp/.m2/repository/org/glassfish/jaxb/jaxb-runtime/2.3.2/stax-ex-1.8.1.jar,file:/C:/Users/hp/.m2/repository/org/glassfish/jaxb/jaxb-runtime/2.3.2/FastInfoset-1.2.16.jar,file:/C:/Users/hp/.m2/repository/org/glassfish/jaxb/jaxb-runtime/2.3.2/jakarta.activation-api-1.2.1.jar
2020-02-18 13:56:24,651 INFO org.springframework.boot.logging.DeferredLog [restartedMain] Devtools property defaults active! Set 'spring.devtools.add-properties' to 'false' to disable
2020-02-18 13:56:24,652 INFO org.springframework.boot.logging.DeferredLog [restartedMain] For additional web related logging consider setting the 'logging.level.web' property to 'DEBUG'
2020-02-18 13:56:25,058 INFO org.springframework.data.repository.config.RepositoryConfigurationDelegate [restartedMain] Bootstrapping Spring Data JPA repositories in DEFAULT mode.
2020-02-18 13:56:25,111 INFO org.springframework.data.repository.config.RepositoryConfigurationDelegate [restartedMain] Finished Spring Data repository scanning in 37ms. Found 1 JPA repository interfaces.
2020-02-18 13:56:25,316 INFO org.springframework.context.support.PostProcessorRegistrationDelegate$BeanPostProcessorChecker [restartedMain] Bean 'org.springframework.transaction.annotation.ProxyTransactionManagementConfiguration' of type [org.springframework.transaction.annotation.ProxyTransactionManagementConfiguration] is not eligible for getting processed by all BeanPostProcessors (for example: not eligible for auto-proxying)
2020-02-18 13:56:25,512 INFO org.springframework.boot.web.embedded.tomcat.TomcatWebServer [restartedMain] Tomcat initialized with port(s): 5050 (http)
2020-02-18 13:56:25,518 INFO org.apache.juli.logging.DirectJDKLog [restartedMain] Initializing ProtocolHandler ["http-nio-5050"]
2020-02-18 13:56:25,518 INFO org.apache.juli.logging.DirectJDKLog [restartedMain] Starting service [Tomcat]
2020-02-18 13:56:25,518 INFO org.apache.juli.logging.DirectJDKLog [restartedMain] Starting Servlet engine: [Apache Tomcat/9.0.30]
2020-02-18 13:56:25,701 INFO org.apache.juli.logging.DirectJDKLog [restartedMain] At least one JAR was scanned for TLDs yet contained no TLDs. Enable debug logging for this logger for a complete list of JARs that were scanned but no TLDs were found in them. Skipping unneeded JARs during scanning can improve startup time and JSP compilation time.
2020-02-18 13:56:25,705 INFO org.apache.juli.logging.DirectJDKLog [restartedMain] Initializing Spring embedded WebApplicationContext
2020-02-18 13:56:25,706 INFO org.springframework.boot.web.servlet.context.ServletWebServerApplicationContext [restartedMain] Root WebApplicationContext: initialization completed in 1054 ms
2020-02-18 13:56:25,734 INFO com.zaxxer.hikari.HikariDataSource [restartedMain] HikariPool-1 - Starting...
2020-02-18 13:56:25,797 INFO com.zaxxer.hikari.HikariDataSource [restartedMain] HikariPool-1 - Start completed.
2020-02-18 13:56:25,801 INFO org.springframework.boot.autoconfigure.h2.H2ConsoleAutoConfiguration [restartedMain] H2 console available at '/h2-console'. Database available at 'jdbc:h2:mem:testdb'
2020-02-18 13:56:25,954 INFO org.hibernate.jpa.internal.util.LogHelper [restartedMain] HHH000204: Processing PersistenceUnitInfo [name: default]
2020-02-18 13:56:25,997 INFO org.hibernate.Version [restartedMain] HHH000412: Hibernate Core {5.4.10.Final}
2020-02-18 13:56:26,078 INFO org.hibernate.annotations.common.reflection.java.JavaReflectionManager [restartedMain] HCANN000001: Hibernate Commons Annotations {5.1.0.Final}
2020-02-18 13:56:26,135 INFO org.hibernate.dialect.Dialect [restartedMain] HHH000400: Using dialect: org.hibernate.dialect.H2Dialect
2020-02-18 13:56:26,525 INFO org.hibernate.engine.transaction.jta.platform.internal.JtaPlatformInitiator [restartedMain] HHH000490: Using JtaPlatform implementation: [org.hibernate.engine.transaction.jta.platform.internal.NoJtaPlatform]
2020-02-18 13:56:26,541 INFO org.springframework.orm.jpa.AbstractEntityManagerFactoryBean [restartedMain] Initialized JPA EntityManagerFactory for persistence unit 'default'
2020-02-18 13:56:26,556 INFO org.springframework.boot.devtools.autoconfigure.OptionalLiveReloadServer [restartedMain] LiveReload server is running on port 35729
2020-02-18 13:56:26,822 WARN org.springframework.boot.autoconfigure.orm.jpa.JpaBaseConfiguration$JpaWebConfiguration [restartedMain] spring.jpa.open-in-view is enabled by default. Therefore, database queries may be performed during view rendering. Explicitly configure spring.jpa.open-in-view to disable this warning
2020-02-18 13:56:26,904 INFO org.springframework.scheduling.concurrent.ExecutorConfigurationSupport [restartedMain] Initializing ExecutorService 'applicationTaskExecutor'
2020-02-18 13:56:27,045 INFO org.apache.juli.logging.DirectJDKLog [restartedMain] Starting ProtocolHandler ["http-nio-5050"]
2020-02-18 13:56:27,061 INFO org.springframework.boot.web.embedded.tomcat.TomcatWebServer [restartedMain] Tomcat started on port(s): 5050 (http) with context path ''
2020-02-18 13:56:27,061 INFO org.springframework.boot.StartupInfoLogger [restartedMain] Started SpringMvcMiniProjDataJpaApplication in 2.791 seconds (JVM running for 3.449)
2020-02-18 13:57:26,251 INFO org.apache.juli.logging.DirectJDKLog [http-nio-5050-exec-3] Initializing Spring DispatcherServlet 'dispatcherServlet'
2020-02-18 13:57:26,252 INFO org.springframework.web.servlet.FrameworkServlet [http-nio-5050-exec-3] Initializing Servlet 'dispatcherServlet'
2020-02-18 13:57:26,257 INFO org.springframework.web.servlet.FrameworkServlet [http-nio-5050-exec-3] Completed initialization in 5 ms
2020-02-18 13:57:26,327 INFO com.nt.controller.ContactInfoController [http-nio-5050-exec-3] Save page is loaded
2020-02-18 19:24:57,264 WARN com.zaxxer.hikari.pool.HikariPool$HouseKeeper [HikariPool-1 housekeeper] HikariPool-1 - Thread starvation or clock leap detected (housekeeper delta=5h4m1s65ms512µs800ns).
2020-02-18 20:32:52,380 WARN com.zaxxer.hikari.pool.HikariPool$HouseKeeper [HikariPool-1 housekeeper] HikariPool-1 - Thread starvation or clock leap detected (housekeeper delta=51m24s976ms239µs).
2020-02-18 20:43:28,236 INFO org.springframework.boot.admin.SpringApplicationAdminMXBeanRegistrar$SpringApplicationAdmin [RMI TCP Connection(68)-127.0.0.1] Application shutdown requested.
2020-02-18 20:43:28,275 INFO org.springframework.scheduling.concurrent.ExecutorConfigurationSupport [RMI TCP Connection(68)-127.0.0.1] Shutting down ExecutorService 'applicationTaskExecutor'
2020-02-18 20:43:28,279 INFO org.springframework.orm.jpa.AbstractEntityManagerFactoryBean [RMI TCP Connection(68)-127.0.0.1] Closing JPA EntityManagerFactory for persistence unit 'default'
2020-02-18 20:43:28,289 INFO org.hibernate.tool.schema.internal.SchemaDropperImpl$DelayedDropActionImpl [RMI TCP Connection(68)-127.0.0.1] HHH000477: Starting delayed evictData of schema as part of SessionFactory shut-down'
2020-02-18 20:43:28,333 WARN org.springframework.beans.factory.support.DisposableBeanAdapter [RMI TCP Connection(68)-127.0.0.1] Invocation of destroy method failed on bean with name 'inMemoryDatabaseShutdownExecutor': org.h2.jdbc.JdbcSQLNonTransientConnectionException: Database is already closed (to disable automatic closing at VM shutdown, add ";DB_CLOSE_ON_EXIT=FALSE" to the db URL) [90121-199]
2020-02-18 20:43:28,334 INFO com.zaxxer.hikari.HikariDataSource [RMI TCP Connection(68)-127.0.0.1] HikariPool-1 - Shutdown initiated...
2020-02-18 20:43:28,342 INFO com.zaxxer.hikari.HikariDataSource [RMI TCP Connection(68)-127.0.0.1] HikariPool-1 - Shutdown completed.
